Ansys Lumerical 2020 R2 FDTD Solver Version 8.24.2387 (Windows 64bit)
 expires (month/day/year): 12/31/2035
using config file: Ansys Licensing set with ANSYSLMD_LICENSE_FILE
license host: 
current time: Mon Jul 25 08:47:20 2022
Running on host: RUHUAN
host available memory (GB): 5.343130
All processes are communicating and ready to proceed to simulation...
Running fsp file: D:\Lumerical\bin\fdtd-engine-msmpi.exe -t 1 -remote D:/program/adjoint_method/Lumopt/Example/Polarization_control/opt_17/Forward_0.fsp
number of processors is 16
processors are distributed as: 2x2x4
Running 3D Simulation
Starting meshing
Simulation size in gridpoints: 20 x 23 x 18
Refined 0 mesh cells (0%)
Completed meshing!
Meshing complete in 0 seconds of CPU time
0 0
Starting meshing
Simulation size in gridpoints: 20 x 23 x 18
Refined 0 mesh cells (0%)
Completed meshing!
Meshing complete in 0.015625 seconds of CPU time
0 0
Starting meshing
Simulation size in gridpoints: 20 x 23 x 18
Refined 0 mesh cells (0%)
Completed meshing!
Meshing complete in 0 seconds of CPU time
0 0
finished material properties
Meshing Time: 0.0032061 seconds, Init Electrical Material Time: 0.0027604 seconds, Init Magnetic Material Time: 6.15e-05
Using selected optimization level: 2
Selecting 3d kernel for splitFieldDirection=0 and optLevel=2
-----------------------------------------
Beginning initialization of 3D Simulation
Starting to add sources to simulation
Adding 3D Gaussian source propagating in Z
Adding 3D Gaussian source propagating in Z
Starting to add boundary conditions to simulation
Adding 3D Parallel bloch BC
Adding 3D Parallel BC
Adding 3D Parallel bloch BC
Adding 3D Parallel BC
Adding 3D PML BC
Adding 3D Parallel BC
Starting to add monitors to Simulation
Adding analysis monitor
Adding 3D DFT monitor
Adding 3D DFT monitor
Adding 3D index monitor
Finished initialization of 3D Simulation
-----------------------------------------
All processes are communicating and ready to proceed to simulation...
Starting 14792 total iterations
0.324498% complete. Max time remaining: 22 secs. Auto Shutoff: 1
1.62249% complete. Max time remaining: 23 secs. Auto Shutoff: 1
3.35315% complete. Max time remaining: 23 secs. Auto Shutoff: 1
6.81447% complete. Max time remaining: 22 secs. Auto Shutoff: 0.0415368
13.7371% complete. Max time remaining: 24 secs. Auto Shutoff: 0.0109292
17.1984% complete. Max time remaining: 22 secs. Auto Shutoff: 0.00840702
24.1211% complete. Max time remaining: 20 secs. Auto Shutoff: 0.00652105
31.0437% complete. Max time remaining: 18 secs. Auto Shutoff: 0.00549422
37.9663% complete. Max time remaining: 16 secs. Auto Shutoff: 0.0048736
44.889% complete. Max time remaining: 14 secs. Auto Shutoff: 0.00443757
51.8116% complete. Max time remaining: 12 secs. Auto Shutoff: 0.00422781
58.7342% complete. Max time remaining: 10 secs. Auto Shutoff: 0.00403254
65.6569% complete. Max time remaining: 8 secs. Auto Shutoff: 0.00389077
72.5795% complete. Max time remaining: 7 secs. Auto Shutoff: 0.00371883
79.5021% complete. Max time remaining: 5 secs. Auto Shutoff: 0.00358726
86.4248% complete. Max time remaining: 3 secs. Auto Shutoff: 0.0034541
93.3474% complete. Max time remaining: 2 secs. Auto Shutoff: 0.00331978
99.9996% complete. Max time remaining: 0 secs. Auto Shutoff: 0.00318314
Completed 14792 iterations, or 9.999961e-13s of Simulation Time
Process 0 starting to collect data
    collecting monitor data
    collecting source data
Finished collecting data
Simulation completed successfully at: Mon Jul 25 08:47:44 2022
Overall wall time measurements in seconds: 26.6048
    time to mesh and initialize: 0.120418
    time to run FDTD simulation: 23.5276
    time to checkpoint simulation: 3e-07
    time to finalize data and save to files: 0.0288802
    miscellaneous time: 2.92782
    FDTD solver speed on process 0: 5.2057 Mnodes/s
    total FDTD solver speed on 16 processes: 83.2912 Mnodes/s
