Ansys Lumerical 2020 R2 FDTD Solver Version 8.24.2387 (Windows 64bit)
 expires (month/day/year): 12/31/2035
using config file: Ansys Licensing set with ANSYSLMD_LICENSE_FILE
license host: 
current time: Mon Jul 25 10:06:04 2022
Running on host: RUHUAN
host available memory (GB): 5.750383
All processes are communicating and ready to proceed to simulation...
Running fsp file: D:\Lumerical\bin\fdtd-engine-msmpi.exe -t 1 -remote D:/program/adjoint_method/Lumopt/Example/Polarization_control/opt_19/Forward_0.fsp
number of processors is 16
processors are distributed as: 2x2x4
Running 3D Simulation
Starting meshing
Simulation size in gridpoints: 20 x 23 x 20
Refined 0 mesh cells (0%)
Completed meshing!
Meshing complete in 0.015625 seconds of CPU time
0 0
Starting meshing
Simulation size in gridpoints: 20 x 23 x 20
Refined 0 mesh cells (0%)
Completed meshing!
Meshing complete in 0 seconds of CPU time
0 0
Starting meshing
Simulation size in gridpoints: 20 x 23 x 20
Refined 0 mesh cells (0%)
Completed meshing!
Meshing complete in 0 seconds of CPU time
0 0
finished material properties
Meshing Time: 0.0027452 seconds, Init Electrical Material Time: 0.0023431 seconds, Init Magnetic Material Time: 3.9e-05
Using selected optimization level: 2
Selecting 3d kernel for splitFieldDirection=0 and optLevel=2
-----------------------------------------
Beginning initialization of 3D Simulation
Starting to add sources to simulation
Adding 3D Gaussian source propagating in Z
Adding 3D Gaussian source propagating in Z
Starting to add boundary conditions to simulation
Adding 3D Parallel bloch BC
Adding 3D Parallel BC
Adding 3D Parallel bloch BC
Adding 3D Parallel BC
Adding 3D PML BC
Adding 3D Parallel BC
Starting to add monitors to Simulation
Adding analysis monitor
Adding 3D DFT monitor
Adding 3D DFT monitor
Adding 3D index monitor
Finished initialization of 3D Simulation
-----------------------------------------
All processes are communicating and ready to proceed to simulation...
Starting 15725 total iterations
0.305253% complete. Max time remaining: 27 secs. Auto Shutoff: 1
1.52627% complete. Max time remaining: 26 secs. Auto Shutoff: 1
3.15428% complete. Max time remaining: 28 secs. Auto Shutoff: 1
6.41031% complete. Max time remaining: 27 secs. Auto Shutoff: 0.403906
12.9224% complete. Max time remaining: 28 secs. Auto Shutoff: 0.0986557
16.1784% complete. Max time remaining: 26 secs. Auto Shutoff: 0.0701413
22.6905% complete. Max time remaining: 30 secs. Auto Shutoff: 0.0328259
25.9465% complete. Max time remaining: 29 secs. Auto Shutoff: 0.0260332
29.2025% complete. Max time remaining: 27 secs. Auto Shutoff: 0.0197088
32.4586% complete. Max time remaining: 25 secs. Auto Shutoff: 0.0168708
38.9706% complete. Max time remaining: 22 secs. Auto Shutoff: 0.0122921
45.4827% complete. Max time remaining: 19 secs. Auto Shutoff: 0.009821
51.9948% complete. Max time remaining: 16 secs. Auto Shutoff: 0.00823318
58.5068% complete. Max time remaining: 14 secs. Auto Shutoff: 0.00716991
65.0189% complete. Max time remaining: 11 secs. Auto Shutoff: 0.0062795
71.531% complete. Max time remaining: 9 secs. Auto Shutoff: 0.00549607
78.043% complete. Max time remaining: 7 secs. Auto Shutoff: 0.00482321
84.5551% complete. Max time remaining: 5 secs. Auto Shutoff: 0.0042691
91.0672% complete. Max time remaining: 3 secs. Auto Shutoff: 0.00381858
97.5792% complete. Max time remaining: 1 secs. Auto Shutoff: 0.00343355
100% complete. Max time remaining: 0 secs. Auto Shutoff: 0.00328301
Completed 15725 iterations, or 1.000022e-12s of Simulation Time
Process 0 starting to collect data
    collecting monitor data
    collecting source data
Finished collecting data
Simulation completed successfully at: Mon Jul 25 10:06:35 2022
Overall wall time measurements in seconds: 33.7818
    time to mesh and initialize: 0.120289
    time to run FDTD simulation: 30.8015
    time to checkpoint simulation: 3e-07
    time to finalize data and save to files: 0.031489
    miscellaneous time: 2.82855
    FDTD solver speed on process 0: 4.69685 Mnodes/s
    total FDTD solver speed on 16 processes: 75.1496 Mnodes/s
