Ansys Lumerical 2020 R2 FDTD Solver Version 8.24.2387 (Windows 64bit)
 expires (month/day/year): 12/31/2035
using config file: Ansys Licensing set with ANSYSLMD_LICENSE_FILE
license host: 
current time: Sun Jul 24 16:15:38 2022
Running on host: RUHUAN
host available memory (GB): 5.914882
All processes are communicating and ready to proceed to simulation...
Running fsp file: D:\Lumerical\bin\fdtd-engine-msmpi.exe -t 1 -remote D:/program/adjoint_method/Lumopt/Example/Polarization_control/opt_15/Forward_0.fsp
number of processors is 16
processors are distributed as: 2x2x4
Running 3D Simulation
Starting meshing
Simulation size in gridpoints: 20 x 23 x 20
Refined 0 mesh cells (0%)
Completed meshing!
Meshing complete in 0 seconds of CPU time
0 0
Starting meshing
Simulation size in gridpoints: 20 x 23 x 20
Refined 0 mesh cells (0%)
Completed meshing!
Meshing complete in 0 seconds of CPU time
0 0
Starting meshing
Simulation size in gridpoints: 20 x 23 x 20
Refined 0 mesh cells (0%)
Completed meshing!
Meshing complete in 0 seconds of CPU time
0 0
finished material properties
Meshing Time: 0.0025721 seconds, Init Electrical Material Time: 0.0022022 seconds, Init Magnetic Material Time: 3.47e-05
Using selected optimization level: 2
Selecting 3d kernel for splitFieldDirection=0 and optLevel=2
-----------------------------------------
Beginning initialization of 3D Simulation
Starting to add sources to simulation
Adding 3D Gaussian source propagating in Z
Adding 3D Gaussian source propagating in Z
Starting to add boundary conditions to simulation
Adding 3D Parallel bloch BC
Adding 3D Parallel BC
Adding 3D Parallel bloch BC
Adding 3D Parallel BC
Adding 3D PML BC
Adding 3D Parallel BC
Starting to add monitors to Simulation
Adding analysis monitor
Adding 3D DFT monitor
Adding 3D DFT monitor
Adding 3D index monitor
Finished initialization of 3D Simulation
-----------------------------------------
All processes are communicating and ready to proceed to simulation...
Starting 15725 total iterations
0.305253% complete. Max time remaining: 55 secs. Auto Shutoff: 1
1.52627% complete. Max time remaining: 38 secs. Auto Shutoff: 1
3.15428% complete. Max time remaining: 34 secs. Auto Shutoff: 1
6.41031% complete. Max time remaining: 41 secs. Auto Shutoff: 0.403916
9.66635% complete. Max time remaining: 35 secs. Auto Shutoff: 0.211513
16.1784% complete. Max time remaining: 29 secs. Auto Shutoff: 0.0701665
22.6905% complete. Max time remaining: 27 secs. Auto Shutoff: 0.03283
25.9465% complete. Max time remaining: 25 secs. Auto Shutoff: 0.0260349
32.4586% complete. Max time remaining: 23 secs. Auto Shutoff: 0.0168725
38.9706% complete. Max time remaining: 20 secs. Auto Shutoff: 0.0122935
45.4827% complete. Max time remaining: 18 secs. Auto Shutoff: 0.00982176
51.9948% complete. Max time remaining: 16 secs. Auto Shutoff: 0.00823391
55.2508% complete. Max time remaining: 15 secs. Auto Shutoff: 0.00764368
61.7629% complete. Max time remaining: 12 secs. Auto Shutoff: 0.00660671
68.2749% complete. Max time remaining: 10 secs. Auto Shutoff: 0.00582291
71.531% complete. Max time remaining: 10 secs. Auto Shutoff: 0.00549656
73.159% complete. Max time remaining: 9 secs. Auto Shutoff: 0.00524189
76.415% complete. Max time remaining: 8 secs. Auto Shutoff: 0.00502325
79.671% complete. Max time remaining: 7 secs. Auto Shutoff: 0.00468987
82.9271% complete. Max time remaining: 6 secs. Auto Shutoff: 0.00441406
86.1831% complete. Max time remaining: 5 secs. Auto Shutoff: 0.00421457
89.4391% complete. Max time remaining: 4 secs. Auto Shutoff: 0.00389147
92.6952% complete. Max time remaining: 3 secs. Auto Shutoff: 0.00377456
95.9512% complete. Max time remaining: 1 secs. Auto Shutoff: 0.00346091
99.2072% complete. Max time remaining: 0 secs. Auto Shutoff: 0.00335448
Completed 15725 iterations, or 1.000022e-12s of Simulation Time
Process 0 starting to collect data
    collecting monitor data
    collecting source data
Finished collecting data
Simulation completed successfully at: Sun Jul 24 16:16:15 2022
Overall wall time measurements in seconds: 39.6341
    time to mesh and initialize: 0.127545
    time to run FDTD simulation: 36.4181
    time to checkpoint simulation: 7e-07
    time to finalize data and save to files: 0.0340189
    miscellaneous time: 3.05439
    FDTD solver speed on process 0: 3.97247 Mnodes/s
    total FDTD solver speed on 16 processes: 63.5595 Mnodes/s
