Ansys Lumerical 2020 R2 FDTD Solver Version 8.24.2387 (Windows 64bit)
 expires (month/day/year): 12/31/2035
using config file: Ansys Licensing set with ANSYSLMD_LICENSE_FILE
license host: 
current time: Mon Jul 25 10:51:13 2022
Running on host: RUHUAN
host available memory (GB): 5.737697
All processes are communicating and ready to proceed to simulation...
Running fsp file: D:\Lumerical\bin\fdtd-engine-msmpi.exe -t 1 -remote D:/program/adjoint_method/Lumopt/Example/Polarization_control/opt_20/Forward_0.fsp
number of processors is 16
processors are distributed as: 2x2x4
Running 3D Simulation
Starting meshing
Simulation size in gridpoints: 20 x 23 x 20
Refined 0 mesh cells (0%)
Completed meshing!
Meshing complete in 0 seconds of CPU time
0 0
Starting meshing
Simulation size in gridpoints: 20 x 23 x 20
Refined 0 mesh cells (0%)
Completed meshing!
Meshing complete in 0 seconds of CPU time
0 0
Starting meshing
Simulation size in gridpoints: 20 x 23 x 20
Refined 0 mesh cells (0%)
Completed meshing!
Meshing complete in 0 seconds of CPU time
0 0
finished material properties
Meshing Time: 0.0026814 seconds, Init Electrical Material Time: 0.0024934 seconds, Init Magnetic Material Time: 7.34e-05
Using selected optimization level: 2
Selecting 3d kernel for splitFieldDirection=0 and optLevel=2
-----------------------------------------
Beginning initialization of 3D Simulation
Starting to add sources to simulation
Adding 3D Gaussian source propagating in Z
Adding 3D Gaussian source propagating in Z
Starting to add boundary conditions to simulation
Adding 3D Parallel bloch BC
Adding 3D Parallel BC
Adding 3D Parallel bloch BC
Adding 3D Parallel BC
Adding 3D PML BC
Adding 3D Parallel BC
Starting to add monitors to Simulation
Adding analysis monitor
Adding 3D DFT monitor
Adding 3D DFT monitor
Adding 3D index monitor
Finished initialization of 3D Simulation
-----------------------------------------
All processes are communicating and ready to proceed to simulation...
Starting 15725 total iterations
0.305253% complete. Max time remaining: 32 secs. Auto Shutoff: 1
1.52627% complete. Max time remaining: 33 secs. Auto Shutoff: 1
3.15428% complete. Max time remaining: 31 secs. Auto Shutoff: 1
6.41031% complete. Max time remaining: 30 secs. Auto Shutoff: 0.403906
9.66635% complete. Max time remaining: 48 secs. Auto Shutoff: 0.211474
11.2944% complete. Max time remaining: 44 secs. Auto Shutoff: 0.156289
14.5504% complete. Max time remaining: 39 secs. Auto Shutoff: 0.0827863
17.8064% complete. Max time remaining: 36 secs. Auto Shutoff: 0.0598349
21.0625% complete. Max time remaining: 33 secs. Auto Shutoff: 0.0396697
27.5745% complete. Max time remaining: 28 secs. Auto Shutoff: 0.0221811
30.8306% complete. Max time remaining: 26 secs. Auto Shutoff: 0.0176507
34.0866% complete. Max time remaining: 24 secs. Auto Shutoff: 0.0152956
40.5987% complete. Max time remaining: 21 secs. Auto Shutoff: 0.011657
47.1107% complete. Max time remaining: 18 secs. Auto Shutoff: 0.00951263
53.6228% complete. Max time remaining: 15 secs. Auto Shutoff: 0.00806422
60.1348% complete. Max time remaining: 13 secs. Auto Shutoff: 0.00694787
66.6469% complete. Max time remaining: 11 secs. Auto Shutoff: 0.00603528
73.159% complete. Max time remaining: 8 secs. Auto Shutoff: 0.00524117
79.671% complete. Max time remaining: 6 secs. Auto Shutoff: 0.00468911
86.1831% complete. Max time remaining: 4 secs. Auto Shutoff: 0.00421384
92.6952% complete. Max time remaining: 2 secs. Auto Shutoff: 0.00377371
99.2072% complete. Max time remaining: 0 secs. Auto Shutoff: 0.00335354
Completed 15725 iterations, or 1.000022e-12s of Simulation Time
Process 0 starting to collect data
    collecting monitor data
    collecting source data
Finished collecting data
Simulation completed successfully at: Mon Jul 25 10:51:43 2022
Overall wall time measurements in seconds: 33.091
    time to mesh and initialize: 0.134567
    time to run FDTD simulation: 29.84
    time to checkpoint simulation: 3e-07
    time to finalize data and save to files: 0.0284033
    miscellaneous time: 3.08795
    FDTD solver speed on process 0: 4.84818 Mnodes/s
    total FDTD solver speed on 16 processes: 77.571 Mnodes/s
