Ansys Lumerical 2020 R2 FDTD Solver Version 8.24.2387 (Windows 64bit)
 expires (month/day/year): 12/31/2035
using config file: Ansys Licensing set with ANSYSLMD_LICENSE_FILE
license host: 
current time: Tue Jul 12 11:42:39 2022
Running on host: RUHUAN
host available memory (GB): 8.664846
All processes are communicating and ready to proceed to simulation...
Running fsp file: D:\Lumerical\bin\fdtd-engine-msmpi.exe -t 1 -remote D:/program/adjoint_method/Lumopt/Example/Polarization_control/opt_6/adjoint_0.fsp
number of processors is 16
processors are distributed as: 2x2x4
Running 3D Simulation
Split-field FDTD is activated with propagation along axis 3, center frequency is 3, n=1
Starting meshing
Simulation size in gridpoints: 12 x 12 x 16
Refined 0 mesh cells (0%)
Completed meshing!
Meshing complete in 0 seconds of CPU time
0 0
Starting meshing
Simulation size in gridpoints: 12 x 12 x 16
Refined 0 mesh cells (0%)
Completed meshing!
Meshing complete in 0 seconds of CPU time
0 0
Starting meshing
Simulation size in gridpoints: 12 x 12 x 16
Refined 0 mesh cells (0%)
Completed meshing!
Meshing complete in 0 seconds of CPU time
0 0
finished material properties
Meshing Time: 0.0010317 seconds, Init Electrical Material Time: 0.0001812 seconds, Init Magnetic Material Time: 4.5e-06
Using selected optimization level: 2
Selecting 3d kernel for splitFieldDirection=3 and optLevel=2
-----------------------------------------
Beginning initialization of 3D Simulation
Starting to add sources to simulation
Adding 3D Gaussian source propagating in Z
Reverted to narrowband source injection
Using BFAST in the 3d sources! Injection direction: 1, index: 1
Adding 3D Gaussian source propagating in Z
Reverted to narrowband source injection
Using BFAST in the 3d sources! Injection direction: 1, index: 1
Starting to add boundary conditions to simulation
Adding 3D Parallel BC
Adding 3D Parallel BC
Adding 3D Parallel BC
Adding 3D Parallel BC
Adding 3D PML BC
Adding 3D Parallel BC
Starting to add monitors to Simulation
Adding analysis monitor
Adding 3D DFT monitor
Adding 3D DFT monitor
Adding 3D index monitor
Finished initialization of 3D Simulation
-----------------------------------------
All processes are communicating and ready to proceed to simulation...
Starting 79605 total iterations
0.0602977% complete. Max time remaining: 55 secs. Auto Shutoff: 1
1.26625% complete. Max time remaining: 50 secs. Auto Shutoff: 1
2.5526% complete. Max time remaining: 49 secs. Auto Shutoff: 0.120586
5.1253% complete. Max time remaining: 47 secs. Auto Shutoff: 0.0135927
7.698% complete. Max time remaining: 45 secs. Auto Shutoff: 0.00558864
10.2707% complete. Max time remaining: 44 secs. Auto Shutoff: 0.00251062
12.8434% complete. Max time remaining: 43 secs. Auto Shutoff: 0.00112477
15.4161% complete. Max time remaining: 42 secs. Auto Shutoff: 0.000503853
17.9888% complete. Max time remaining: 40 secs. Auto Shutoff: 0.000218103
20.5615% complete. Max time remaining: 39 secs. Auto Shutoff: 9.80475e-05
23.1342% complete. Max time remaining: 38 secs. Auto Shutoff: 4.40356e-05
25.7069% complete. Max time remaining: 37 secs. Auto Shutoff: 1.89027e-05
27.855% complete. Max time remaining: 36 secs. Auto Shutoff: 9.60058e-06
100% complete. Max time remaining: 0 mins, 0 secs. Auto Shutoff: 9.60058e-06
Early termination of simulation, the autoshutoff criteria are satisfied.
Completed 22174 iterations, or 2.785502e-13s of Simulation Time
Process 0 starting to collect data
    collecting monitor data
    collecting source data
Reverted to narrowband source injection
Using BFAST in the 3d sources! Injection direction: 1, index: 1
Reverted to narrowband source injection
Using BFAST in the 3d sources! Injection direction: 1, index: 1
Finished collecting data
Simulation completed successfully at: Tue Jul 12 11:42:53 2022
Overall wall time measurements in seconds: 16.6128
    time to mesh and initialize: 0.0780261
    time to run FDTD simulation: 13.7281
    time to checkpoint simulation: 8e-07
    time to finalize data and save to files: 0.0223131
    miscellaneous time: 2.78442
    FDTD solver speed on process 0: 3.72149 Mnodes/s
    total FDTD solver speed on 16 processes: 59.5439 Mnodes/s
