Ansys Lumerical 2020 R2 FDTD Solver Version 8.24.2387 (Windows 64bit)
 expires (month/day/year): 12/31/2035
using config file: Ansys Licensing set with ANSYSLMD_LICENSE_FILE
license host: 
current time: Tue Jul 12 12:02:55 2022
Running on host: RUHUAN
host available memory (GB): 8.626860
All processes are communicating and ready to proceed to simulation...
Running fsp file: D:\Lumerical\bin\fdtd-engine-msmpi.exe -t 1 -remote D:/program/adjoint_method/Lumopt/Example/Polarization_control/opt_8/Forward_0.fsp
number of processors is 16
processors are distributed as: 2x2x4
Running 3D Simulation
Split-field FDTD is activated with propagation along axis 3, center frequency is 3, n=1
Starting meshing
Simulation size in gridpoints: 12 x 12 x 16
Refined 0 mesh cells (0%)
Completed meshing!
Meshing complete in 0 seconds of CPU time
0 0
Starting meshing
Simulation size in gridpoints: 12 x 12 x 16
Refined 0 mesh cells (0%)
Completed meshing!
Meshing complete in 0 seconds of CPU time
0 0
Starting meshing
Simulation size in gridpoints: 12 x 12 x 16
Refined 0 mesh cells (0%)
Completed meshing!
Meshing complete in 0 seconds of CPU time
0 0
finished material properties
Meshing Time: 0.0011409 seconds, Init Electrical Material Time: 0.0001795 seconds, Init Magnetic Material Time: 5e-06
Using selected optimization level: 2
Selecting 3d kernel for splitFieldDirection=3 and optLevel=2
-----------------------------------------
Beginning initialization of 3D Simulation
Starting to add sources to simulation
Adding 3D Gaussian source propagating in Z
Reverted to narrowband source injection
Adding 3D Gaussian source propagating in Z
Reverted to narrowband source injection
Starting to add boundary conditions to simulation
Adding 3D Parallel BC
Adding 3D Parallel BC
Adding 3D Parallel BC
Adding 3D Parallel BC
Adding 3D PML BC
Adding 3D Parallel BC
Starting to add monitors to Simulation
Adding analysis monitor
Adding 3D DFT monitor
Adding 3D DFT monitor
Adding 3D index monitor
Finished initialization of 3D Simulation
-----------------------------------------
All processes are communicating and ready to proceed to simulation...
Starting 79605 total iterations
0.0602977% complete. Max time remaining: 3 mins, 40 secs. Auto Shutoff: 1
1.26625% complete. Max time remaining: 1 min, 13 secs. Auto Shutoff: 1
2.5526% complete. Max time remaining: 1 min, 2 secs. Auto Shutoff: 0.121189
5.1253% complete. Max time remaining: 55 secs. Auto Shutoff: 0.0138294
7.698% complete. Max time remaining: 53 secs. Auto Shutoff: 0.00566107
10.2707% complete. Max time remaining: 51 secs. Auto Shutoff: 0.00253862
12.8434% complete. Max time remaining: 49 secs. Auto Shutoff: 0.00114141
15.4161% complete. Max time remaining: 47 secs. Auto Shutoff: 0.000513393
17.9888% complete. Max time remaining: 46 secs. Auto Shutoff: 0.000220974
20.5615% complete. Max time remaining: 44 secs. Auto Shutoff: 9.89845e-05
23.1342% complete. Max time remaining: 43 secs. Auto Shutoff: 4.46084e-05
25.7069% complete. Max time remaining: 41 secs. Auto Shutoff: 1.92921e-05
27.855% complete. Max time remaining: 40 secs. Auto Shutoff: 9.75281e-06
100% complete. Max time remaining: 0 mins, 0 secs. Auto Shutoff: 9.75281e-06
Early termination of simulation, the autoshutoff criteria are satisfied.
Completed 22174 iterations, or 2.785502e-13s of Simulation Time
Process 0 starting to collect data
    collecting monitor data
    collecting source data
Reverted to narrowband source injection
Using BFAST in the 3d sources! Injection direction: -1, index: 1
Reverted to narrowband source injection
Using BFAST in the 3d sources! Injection direction: -1, index: 1
Finished collecting data
Simulation completed successfully at: Tue Jul 12 12:03:10 2022
Overall wall time measurements in seconds: 18.2098
    time to mesh and initialize: 0.0803573
    time to run FDTD simulation: 15.3559
    time to checkpoint simulation: 2e-07
    time to finalize data and save to files: 0.0292739
    miscellaneous time: 2.74431
    FDTD solver speed on process 0: 3.32699 Mnodes/s
    total FDTD solver speed on 16 processes: 53.2319 Mnodes/s
